C:\USERS\SIMON\DOCUMENTS\VISUAL STUDIO 2012\PROJECTS\CO2409 - ASSIGNMENT PROJECT\DEBUG\CTIMER.OBJ
C:\USERS\SIMON\DOCUMENTS\VISUAL STUDIO 2012\PROJECTS\CO2409 - ASSIGNMENT PROJECT\DEBUG\CTIMER.ASM
C:\USERS\SIMON\DOCUMENTS\VISUAL STUDIO 2012\PROJECTS\CO2409 - ASSIGNMENT PROJECT\DEBUG\CIMPORTXFILE.OBJ
C:\USERS\SIMON\DOCUMENTS\VISUAL STUDIO 2012\PROJECTS\CO2409 - ASSIGNMENT PROJECT\DEBUG\CIMPORTXFILE.ASM
C:\USERS\SIMON\DOCUMENTS\VISUAL STUDIO 2012\PROJECTS\CO2409 - ASSIGNMENT PROJECT\DEBUG\CFATALEXCEPTION.OBJ
C:\USERS\SIMON\DOCUMENTS\VISUAL STUDIO 2012\PROJECTS\CO2409 - ASSIGNMENT PROJECT\DEBUG\CFATALEXCEPTION.ASM
C:\USERS\SIMON\DOCUMENTS\VISUAL STUDIO 2012\PROJECTS\CO2409 - ASSIGNMENT PROJECT\DEBUG\MSDEFINES.OBJ
C:\USERS\SIMON\DOCUMENTS\VISUAL STUDIO 2012\PROJECTS\CO2409 - ASSIGNMENT PROJECT\DEBUG\MSDEFINES.ASM
C:\USERS\SIMON\DOCUMENTS\VISUAL STUDIO 2012\PROJECTS\CO2409 - ASSIGNMENT PROJECT\DEBUG\UTILITY.OBJ
C:\USERS\SIMON\DOCUMENTS\VISUAL STUDIO 2012\PROJECTS\CO2409 - ASSIGNMENT PROJECT\DEBUG\UTILITY.ASM
C:\USERS\SIMON\DOCUMENTS\VISUAL STUDIO 2012\PROJECTS\CO2409 - ASSIGNMENT PROJECT\DEBUG\BASEMATH.OBJ
C:\USERS\SIMON\DOCUMENTS\VISUAL STUDIO 2012\PROJECTS\CO2409 - ASSIGNMENT PROJECT\DEBUG\BASEMATH.ASM
C:\USERS\SIMON\DOCUMENTS\VISUAL STUDIO 2012\PROJECTS\CO2409 - ASSIGNMENT PROJECT\DEBUG\CMATRIX2X2.OBJ
C:\USERS\SIMON\DOCUMENTS\VISUAL STUDIO 2012\PROJECTS\CO2409 - ASSIGNMENT PROJECT\DEBUG\CMATRIX2X2.ASM
C:\USERS\SIMON\DOCUMENTS\VISUAL STUDIO 2012\PROJECTS\CO2409 - ASSIGNMENT PROJECT\DEBUG\CMATRIX3X3.OBJ
C:\USERS\SIMON\DOCUMENTS\VISUAL STUDIO 2012\PROJECTS\CO2409 - ASSIGNMENT PROJECT\DEBUG\CMATRIX3X3.ASM
C:\USERS\SIMON\DOCUMENTS\VISUAL STUDIO 2012\PROJECTS\CO2409 - ASSIGNMENT PROJECT\DEBUG\CMATRIX4X4.OBJ
C:\USERS\SIMON\DOCUMENTS\VISUAL STUDIO 2012\PROJECTS\CO2409 - ASSIGNMENT PROJECT\DEBUG\CMATRIX4X4.ASM
C:\USERS\SIMON\DOCUMENTS\VISUAL STUDIO 2012\PROJECTS\CO2409 - ASSIGNMENT PROJECT\DEBUG\CQUATERNION.OBJ
C:\USERS\SIMON\DOCUMENTS\VISUAL STUDIO 2012\PROJECTS\CO2409 - ASSIGNMENT PROJECT\DEBUG\CQUATERNION.ASM
C:\USERS\SIMON\DOCUMENTS\VISUAL STUDIO 2012\PROJECTS\CO2409 - ASSIGNMENT PROJECT\DEBUG\CQUATTRANSFORM.OBJ
C:\USERS\SIMON\DOCUMENTS\VISUAL STUDIO 2012\PROJECTS\CO2409 - ASSIGNMENT PROJECT\DEBUG\CQUATTRANSFORM.ASM
C:\USERS\SIMON\DOCUMENTS\VISUAL STUDIO 2012\PROJECTS\CO2409 - ASSIGNMENT PROJECT\DEBUG\CVECTOR2.OBJ
C:\USERS\SIMON\DOCUMENTS\VISUAL STUDIO 2012\PROJECTS\CO2409 - ASSIGNMENT PROJECT\DEBUG\CVECTOR2.ASM
C:\USERS\SIMON\DOCUMENTS\VISUAL STUDIO 2012\PROJECTS\CO2409 - ASSIGNMENT PROJECT\DEBUG\CVECTOR3.OBJ
C:\USERS\SIMON\DOCUMENTS\VISUAL STUDIO 2012\PROJECTS\CO2409 - ASSIGNMENT PROJECT\DEBUG\CVECTOR3.ASM
C:\USERS\SIMON\DOCUMENTS\VISUAL STUDIO 2012\PROJECTS\CO2409 - ASSIGNMENT PROJECT\DEBUG\CVECTOR4.OBJ
C:\USERS\SIMON\DOCUMENTS\VISUAL STUDIO 2012\PROJECTS\CO2409 - ASSIGNMENT PROJECT\DEBUG\CVECTOR4.ASM
C:\USERS\SIMON\DOCUMENTS\VISUAL STUDIO 2012\PROJECTS\CO2409 - ASSIGNMENT PROJECT\DEBUG\MATHIO.OBJ
C:\USERS\SIMON\DOCUMENTS\VISUAL STUDIO 2012\PROJECTS\CO2409 - ASSIGNMENT PROJECT\DEBUG\MATHIO.ASM
C:\USERS\SIMON\DOCUMENTS\VISUAL STUDIO 2012\PROJECTS\CO2409 - ASSIGNMENT PROJECT\DEBUG\LIGHT.OBJ
C:\USERS\SIMON\DOCUMENTS\VISUAL STUDIO 2012\PROJECTS\CO2409 - ASSIGNMENT PROJECT\DEBUG\LIGHT.ASM
C:\USERS\SIMON\DOCUMENTS\VISUAL STUDIO 2012\PROJECTS\CO2409 - ASSIGNMENT PROJECT\DEBUG\MODEL.OBJ
C:\USERS\SIMON\DOCUMENTS\VISUAL STUDIO 2012\PROJECTS\CO2409 - ASSIGNMENT PROJECT\DEBUG\MODEL.ASM
C:\USERS\SIMON\DOCUMENTS\VISUAL STUDIO 2012\PROJECTS\CO2409 - ASSIGNMENT PROJECT\DEBUG\GRAPHICSASSIGN1.OBJ
C:\USERS\SIMON\DOCUMENTS\VISUAL STUDIO 2012\PROJECTS\CO2409 - ASSIGNMENT PROJECT\DEBUG\GRAPHICSASSIGN1.ASM
C:\USERS\SIMON\DOCUMENTS\VISUAL STUDIO 2012\PROJECTS\CO2409 - ASSIGNMENT PROJECT\DEBUG\INPUT.OBJ
C:\USERS\SIMON\DOCUMENTS\VISUAL STUDIO 2012\PROJECTS\CO2409 - ASSIGNMENT PROJECT\DEBUG\INPUT.ASM
C:\USERS\SIMON\DOCUMENTS\VISUAL STUDIO 2012\PROJECTS\CO2409 - ASSIGNMENT PROJECT\DEBUG\TEXTURE.OBJ
C:\USERS\SIMON\DOCUMENTS\VISUAL STUDIO 2012\PROJECTS\CO2409 - ASSIGNMENT PROJECT\DEBUG\TEXTURE.ASM
C:\USERS\SIMON\DOCUMENTS\VISUAL STUDIO 2012\PROJECTS\CO2409 - ASSIGNMENT PROJECT\DEBUG\CAMERA.OBJ
C:\USERS\SIMON\DOCUMENTS\VISUAL STUDIO 2012\PROJECTS\CO2409 - ASSIGNMENT PROJECT\DEBUG\CAMERA.ASM
C:\USERS\SIMON\DOCUMENTS\VISUAL STUDIO 2012\PROJECTS\CO2409 - ASSIGNMENT PROJECT\DEBUG\VC110.PDB
C:\USERS\SIMON\DOCUMENTS\VISUAL STUDIO 2012\PROJECTS\CO2409 - ASSIGNMENT PROJECT\DEBUG\GRAPHICSASSIGN1.ILK
C:\USERS\SIMON\DOCUMENTS\VISUAL STUDIO 2012\PROJECTS\CO2409 - ASSIGNMENT PROJECT\DEBUG\GRAPHICSASSIGN1.EXE
C:\USERS\SIMON\DOCUMENTS\VISUAL STUDIO 2012\PROJECTS\CO2409 - ASSIGNMENT PROJECT\DEBUG\GRAPHICSASSIGN1.PDB
C:\USERS\SIMON\DOCUMENTS\VISUAL STUDIO 2012\PROJECTS\CO2409 - ASSIGNMENT PROJECT\DEBUG\GRAPHICSASSIGN1.RES
C:\Users\Simon\Documents\Visual Studio 2012\Projects\CO2409 - Assignment Project\Debug\BaseMath.obj
C:\Users\Simon\Documents\Visual Studio 2012\Projects\CO2409 - Assignment Project\Debug\Camera.obj
C:\Users\Simon\Documents\Visual Studio 2012\Projects\CO2409 - Assignment Project\Debug\CFatalException.obj
C:\Users\Simon\Documents\Visual Studio 2012\Projects\CO2409 - Assignment Project\Debug\CImportXFile.obj
C:\Users\Simon\Documents\Visual Studio 2012\Projects\CO2409 - Assignment Project\Debug\CMatrix2x2.obj
C:\Users\Simon\Documents\Visual Studio 2012\Projects\CO2409 - Assignment Project\Debug\CMatrix3x3.obj
C:\Users\Simon\Documents\Visual Studio 2012\Projects\CO2409 - Assignment Project\Debug\CMatrix4x4.obj
C:\Users\Simon\Documents\Visual Studio 2012\Projects\CO2409 - Assignment Project\Debug\CQuaternion.obj
C:\Users\Simon\Documents\Visual Studio 2012\Projects\CO2409 - Assignment Project\Debug\CQuatTransform.obj
C:\Users\Simon\Documents\Visual Studio 2012\Projects\CO2409 - Assignment Project\Debug\CTimer.obj
C:\Users\Simon\Documents\Visual Studio 2012\Projects\CO2409 - Assignment Project\Debug\CVector2.obj
C:\Users\Simon\Documents\Visual Studio 2012\Projects\CO2409 - Assignment Project\Debug\CVector3.obj
C:\Users\Simon\Documents\Visual Studio 2012\Projects\CO2409 - Assignment Project\Debug\CVector4.obj
C:\Users\Simon\Documents\Visual Studio 2012\Projects\CO2409 - Assignment Project\Debug\GraphicsAssign1.obj
C:\Users\Simon\Documents\Visual Studio 2012\Projects\CO2409 - Assignment Project\Debug\Input.obj
C:\Users\Simon\Documents\Visual Studio 2012\Projects\CO2409 - Assignment Project\Debug\Light.obj
C:\Users\Simon\Documents\Visual Studio 2012\Projects\CO2409 - Assignment Project\Debug\MathIO.obj
C:\Users\Simon\Documents\Visual Studio 2012\Projects\CO2409 - Assignment Project\Debug\Model.obj
C:\Users\Simon\Documents\Visual Studio 2012\Projects\CO2409 - Assignment Project\Debug\MSDefines.obj
C:\Users\Simon\Documents\Visual Studio 2012\Projects\CO2409 - Assignment Project\Debug\Texture.obj
C:\Users\Simon\Documents\Visual Studio 2012\Projects\CO2409 - Assignment Project\Debug\Utility.obj
C:\Users\Simon\Documents\Visual Studio 2012\Projects\CO2409 - Assignment Project\Debug\GraphicsAssign1.ilk
C:\Users\Simon\Documents\Visual Studio 2012\Projects\CO2409 - Assignment Project\Debug\cl.command.1.tlog
C:\Users\Simon\Documents\Visual Studio 2012\Projects\CO2409 - Assignment Project\Debug\CL.read.1.tlog
C:\Users\Simon\Documents\Visual Studio 2012\Projects\CO2409 - Assignment Project\Debug\CL.read.2.tlog
C:\Users\Simon\Documents\Visual Studio 2012\Projects\CO2409 - Assignment Project\Debug\CL.read.3.tlog
C:\Users\Simon\Documents\Visual Studio 2012\Projects\CO2409 - Assignment Project\Debug\CL.read.4.tlog
C:\Users\Simon\Documents\Visual Studio 2012\Projects\CO2409 - Assignment Project\Debug\CL.read.5.tlog
C:\Users\Simon\Documents\Visual Studio 2012\Projects\CO2409 - Assignment Project\Debug\CL.write.1.tlog
C:\Users\Simon\Documents\Visual Studio 2012\Projects\CO2409 - Assignment Project\Debug\link-cvtres.read.1.tlog
C:\Users\Simon\Documents\Visual Studio 2012\Projects\CO2409 - Assignment Project\Debug\link-cvtres.write.1.tlog
C:\Users\Simon\Documents\Visual Studio 2012\Projects\CO2409 - Assignment Project\Debug\link.command.1.tlog
C:\Users\Simon\Documents\Visual Studio 2012\Projects\CO2409 - Assignment Project\Debug\link.read.1.tlog
C:\Users\Simon\Documents\Visual Studio 2012\Projects\CO2409 - Assignment Project\Debug\link.write.1.tlog
C:\Users\Simon\Documents\Visual Studio 2012\Projects\CO2409 - Assignment Project\Debug\rc.command.1.tlog
C:\Users\Simon\Documents\Visual Studio 2012\Projects\CO2409 - Assignment Project\Debug\rc.read.1.tlog
C:\Users\Simon\Documents\Visual Studio 2012\Projects\CO2409 - Assignment Project\Debug\rc.write.1.tlog
C:\Users\Simon\Documents\Visual Studio 2012\Projects\CO2409 - Assignment Project\Debug\GraphicsAssign1.res
C:\Users\Simon\Documents\Visual Studio 2012\Projects\CO2409 - Assignment Project\Debug\vc110.idb
C:\Users\Simon\Documents\Visual Studio 2012\Projects\CO2409 - Assignment Project\Debug\GraphicsAssign1.pdb
C:\Users\Simon\Documents\Visual Studio 2012\Projects\CO2409 - Assignment Project\Debug\vc110.pdb
C:\Users\Simon\Documents\Visual Studio 2012\Projects\CO2409 - Assignment Project\Debug\GraphicsAssign1.exe
